[0805/233903.310:ERROR:prune_crash_reports.cc(34)] PruneCrashReportDatabase: Failed to get pending reports
[1010/103745.283:ERROR:prune_crash_reports.cc(34)] PruneCrashReportDatabase: Failed to get pending reports
[1030/000734.450:ERROR:file_io.cc(89)] ReadExactly: expected 36, observed 0
[0327/045600.131:ERROR:process_reader_win.cc(151)] SuspendThread: Access is denied. (0x5)
[0327/122541.271:ERROR:process_reader_win.cc(182)] ResumeThread: The parameter is incorrect. (0x57)
[0327/122541.293:ERROR:process_reader_win.cc(123)] NtOpenThread: An invalid Client ID was specified. (0xc000000b)
[0327/122541.294:ERROR:process_reader_win.cc(123)] NtOpenThread: An invalid Client ID was specified. (0xc000000b)
[0327/122541.294:ERROR:process_reader_win.cc(123)] NtOpenThread: An invalid Client ID was specified. (0xc000000b)
[0327/122541.294:ERROR:process_reader_win.cc(123)] NtOpenThread: An invalid Client ID was specified. (0xc000000b)
[0327/122541.294:ERROR:process_reader_win.cc(123)] NtOpenThread: An invalid Client ID was specified. (0xc000000b)
[0327/122541.294:ERROR:process_reader_win.cc(123)] NtOpenThread: An invalid Client ID was specified. (0xc000000b)
[0327/122541.294:ERROR:process_reader_win.cc(123)] NtOpenThread: An invalid Client ID was specified. (0xc000000b)
[0327/122541.294:ERROR:process_reader_win.cc(123)] NtOpenThread: An invalid Client ID was specified. (0xc000000b)
[0327/122541.294:ERROR:process_reader_win.cc(123)] NtOpenThread: An invalid Client ID was specified. (0xc000000b)
[0327/122541.294:ERROR:process_reader_win.cc(123)] NtOpenThread: An invalid Client ID was specified. (0xc000000b)
[0327/122541.294:ERROR:process_reader_win.cc(123)] NtOpenThread: An invalid Client ID was specified. (0xc000000b)
[0327/122541.294:ERROR:process_reader_win.cc(123)] NtOpenThread: An invalid Client ID was specified. (0xc000000b)
[0327/122541.294:ERROR:process_reader_win.cc(123)] NtOpenThread: An invalid Client ID was specified. (0xc000000b)
[0327/122541.294:ERROR:process_reader_win.cc(123)] NtOpenThread: An invalid Client ID was specified. (0xc000000b)
[0327/122541.294:ERROR:process_reader_win.cc(123)] NtOpenThread: An invalid Client ID was specified. (0xc000000b)
[0327/122541.294:ERROR:process_reader_win.cc(123)] NtOpenThread: An invalid Client ID was specified. (0xc000000b)
[0327/122541.294:ERROR:exception_snapshot_win.cc(98)] thread ID 520 not found in process
[0327/122541.294:ERROR:scoped_process_suspend.cc(40)] NtResumeProcess: An attempt was made to access an exiting process. (0xc000010a)
[0327/191729.227:ERROR:prune_crash_reports.cc(35)] PruneCrashReportDatabase: Failed to get pending reports
[0425/103859.370:ERROR:process_reader_win.cc(182)] ResumeThread: The parameter is incorrect. (0x57)
[0425/103859.374:ERROR:process_reader_win.cc(151)] SuspendThread: Access is denied. (0x5)
[0425/103859.374:ERROR:process_reader_win.cc(151)] SuspendThread: Access is denied. (0x5)
[0425/103859.374:ERROR:process_reader_win.cc(151)] SuspendThread: Access is denied. (0x5)
[0425/103859.374:ERROR:process_reader_win.cc(151)] SuspendThread: Access is denied. (0x5)
[0425/103859.374:ERROR:process_reader_win.cc(151)] SuspendThread: Access is denied. (0x5)
[0425/103859.374:ERROR:process_reader_win.cc(151)] SuspendThread: Access is denied. (0x5)
[0425/103859.374:ERROR:process_reader_win.cc(151)] SuspendThread: Access is denied. (0x5)
[0425/103859.374:ERROR:process_reader_win.cc(151)] SuspendThread: Access is denied. (0x5)
[0425/103859.374:ERROR:process_reader_win.cc(151)] SuspendThread: Access is denied. (0x5)
[0425/103859.374:ERROR:process_reader_win.cc(151)] SuspendThread: Access is denied. (0x5)
[0425/103859.374:ERROR:process_reader_win.cc(151)] SuspendThread: Access is denied. (0x5)
[0425/103859.375:ERROR:process_reader_win.cc(151)] SuspendThread: Access is denied. (0x5)
[0425/103859.375:ERROR:process_reader_win.cc(151)] SuspendThread: Access is denied. (0x5)
[0425/103859.375:ERROR:exception_snapshot_win.cc(98)] thread ID 6580 not found in process
[0519/140931.368:ERROR:prune_crash_reports.cc(35)] PruneCrashReportDatabase: Failed to get pending reports
[0528/152957.080:ERROR:process_reader_win.cc(188)] ResumeThread: The parameter is incorrect. (0x57)
[0528/152957.080:ERROR:process_reader_win.cc(123)] NtOpenThread: An invalid Client ID was specified. (0xc000000b)
[0528/152957.080:ERROR:process_reader_win.cc(151)] SuspendThread: Access is denied. (0x5)
[0528/152957.080:ERROR:process_reader_win.cc(123)] NtOpenThread: An invalid Client ID was specified. (0xc000000b)
[0528/152957.080:ERROR:process_reader_win.cc(123)] NtOpenThread: An invalid Client ID was specified. (0xc000000b)
[0528/152957.080:ERROR:process_reader_win.cc(123)] NtOpenThread: An invalid Client ID was specified. (0xc000000b)
[0528/152957.080:ERROR:process_reader_win.cc(123)] NtOpenThread: An invalid Client ID was specified. (0xc000000b)
[0528/152957.080:ERROR:process_reader_win.cc(123)] NtOpenThread: An invalid Client ID was specified. (0xc000000b)
[0528/152957.080:ERROR:process_reader_win.cc(123)] NtOpenThread: An invalid Client ID was specified. (0xc000000b)
[0528/152957.080:ERROR:process_reader_win.cc(123)] NtOpenThread: An invalid Client ID was specified. (0xc000000b)
[0528/152957.080:ERROR:process_reader_win.cc(123)] NtOpenThread: An invalid Client ID was specified. (0xc000000b)
[0528/152957.080:ERROR:process_reader_win.cc(123)] NtOpenThread: An invalid Client ID was specified. (0xc000000b)
[0528/152957.080:ERROR:process_reader_win.cc(123)] NtOpenThread: An invalid Client ID was specified. (0xc000000b)
[0528/152957.080:ERROR:process_reader_win.cc(123)] NtOpenThread: An invalid Client ID was specified. (0xc000000b)
[0528/152957.080:ERROR:exception_snapshot_win.cc(98)] thread ID 8024 not found in process
[0528/152957.080:ERROR:scoped_process_suspend.cc(40)] NtResumeProcess: An attempt was made to access an exiting process. (0xc000010a)
[0528/162929.728:ERROR:process_info.cc(329)] VirtualQueryEx: Access is denied. (0x5)
[0528/162929.728:ERROR:process_info.cc(556)] ReadMemoryInfo failed
[0528/162929.728:ERROR:process_memory_win.cc(39)] Failed to initialize ProcessInfo.
[0528/162929.728:ERROR:scoped_process_suspend.cc(40)] NtResumeProcess: An attempt was made to access an exiting process. (0xc000010a)
[0603/192534.820:ERROR:process_info.cc(329)] VirtualQueryEx: Access is denied. (0x5)
[0603/192534.820:ERROR:process_info.cc(556)] ReadMemoryInfo failed
[0603/192534.820:ERROR:process_memory_win.cc(39)] Failed to initialize ProcessInfo.
[0603/192534.820:ERROR:scoped_process_suspend.cc(40)] NtResumeProcess: An attempt was made to access an exiting process. (0xc000010a)
[0603/201941.660:ERROR:file_io.cc(134)] WriteFile: The pipe is being closed. (0xE8)
[0603/202530.472:ERROR:process_reader_win.cc(188)] ResumeThread: The parameter is incorrect. (0x57)
[0603/202530.474:ERROR:process_reader_win.cc(151)] SuspendThread: Access is denied. (0x5)
[0603/202530.474:ERROR:process_reader_win.cc(151)] SuspendThread: Access is denied. (0x5)
[0603/202530.474:ERROR:process_reader_win.cc(151)] SuspendThread: Access is denied. (0x5)
[0603/202618.282:ERROR:process_reader_win.cc(188)] ResumeThread: The parameter is incorrect. (0x57)
[0603/202618.284:ERROR:process_reader_win.cc(151)] SuspendThread: Access is denied. (0x5)
[0603/202618.284:ERROR:process_reader_win.cc(151)] SuspendThread: Access is denied. (0x5)
[0603/202618.284:ERROR:process_reader_win.cc(151)] SuspendThread: Access is denied. (0x5)
[0603/202618.284:ERROR:process_reader_win.cc(151)] SuspendThread: Access is denied. (0x5)
[0603/202618.284:ERROR:process_reader_win.cc(151)] SuspendThread: Access is denied. (0x5)
[0603/202618.284:ERROR:process_reader_win.cc(151)] SuspendThread: Access is denied. (0x5)
[0603/202618.284:ERROR:process_reader_win.cc(151)] SuspendThread: Access is denied. (0x5)
[0603/202618.284:ERROR:process_reader_win.cc(151)] SuspendThread: Access is denied. (0x5)
[0603/202618.284:ERROR:process_reader_win.cc(151)] SuspendThread: Access is denied. (0x5)
[0603/202618.284:ERROR:exception_snapshot_win.cc(98)] thread ID 17020 not found in process
[0611/215151.041:ERROR:process_reader_win.cc(188)] ResumeThread: The parameter is incorrect. (0x57)
[0611/215151.044:ERROR:process_reader_win.cc(151)] SuspendThread: Access is denied. (0x5)
[0611/215151.044:ERROR:process_reader_win.cc(151)] SuspendThread: Access is denied. (0x5)
[0611/215151.044:ERROR:process_reader_win.cc(151)] SuspendThread: Access is denied. (0x5)
[0611/215151.044:ERROR:process_reader_win.cc(151)] SuspendThread: Access is denied. (0x5)
[0611/215151.044:ERROR:process_reader_win.cc(151)] SuspendThread: Access is denied. (0x5)
[0611/215151.044:ERROR:process_reader_win.cc(151)] SuspendThread: Access is denied. (0x5)
[0611/215151.044:ERROR:process_reader_win.cc(151)] SuspendThread: Access is denied. (0x5)
[0611/215151.044:ERROR:process_reader_win.cc(151)] SuspendThread: Access is denied. (0x5)
[0611/215151.044:ERROR:process_reader_win.cc(151)] SuspendThread: Access is denied. (0x5)
[0611/215151.044:ERROR:process_reader_win.cc(151)] SuspendThread: Access is denied. (0x5)
[0611/215151.044:ERROR:process_reader_win.cc(151)] SuspendThread: Access is denied. (0x5)
[0611/215151.044:ERROR:process_reader_win.cc(151)] SuspendThread: Access is denied. (0x5)
[0611/215151.044:ERROR:process_reader_win.cc(151)] SuspendThread: Access is denied. (0x5)
[0611/215151.044:ERROR:process_reader_win.cc(151)] SuspendThread: Access is denied. (0x5)
[0611/215151.044:ERROR:process_reader_win.cc(151)] SuspendThread: Access is denied. (0x5)
[0611/215151.044:ERROR:process_reader_win.cc(151)] SuspendThread: Access is denied. (0x5)
[0611/215151.044:ERROR:process_reader_win.cc(151)] SuspendThread: Access is denied. (0x5)
[0611/215151.044:ERROR:process_reader_win.cc(151)] SuspendThread: Access is denied. (0x5)
[0611/215151.044:ERROR:process_reader_win.cc(151)] SuspendThread: Access is denied. (0x5)
[0611/215151.044:ERROR:process_reader_win.cc(151)] SuspendThread: Access is denied. (0x5)
[0611/215151.044:ERROR:exception_snapshot_win.cc(98)] thread ID 10900 not found in process
[0616/180335.741:ERROR:process_reader_win.cc(188)] ResumeThread: The parameter is incorrect. (0x57)
[0616/180335.743:ERROR:process_reader_win.cc(151)] SuspendThread: Access is denied. (0x5)
[0616/180335.743:ERROR:process_reader_win.cc(151)] SuspendThread: Access is denied. (0x5)
[0616/180335.743:ERROR:process_reader_win.cc(151)] SuspendThread: Access is denied. (0x5)
[0616/180335.743:ERROR:process_reader_win.cc(151)] SuspendThread: Access is denied. (0x5)
[0616/180335.743:ERROR:process_reader_win.cc(151)] SuspendThread: Access is denied. (0x5)
[0616/180335.743:ERROR:process_reader_win.cc(151)] SuspendThread: Access is denied. (0x5)
[0616/180335.743:ERROR:process_reader_win.cc(151)] SuspendThread: Access is denied. (0x5)
[0616/180335.743:ERROR:process_reader_win.cc(151)] SuspendThread: Access is denied. (0x5)
[0616/180335.743:ERROR:process_reader_win.cc(151)] SuspendThread: Access is denied. (0x5)
[0616/180335.743:ERROR:process_reader_win.cc(151)] SuspendThread: Access is denied. (0x5)
[0616/180335.743:ERROR:process_reader_win.cc(151)] SuspendThread: Access is denied. (0x5)
[0616/180335.743:ERROR:process_reader_win.cc(151)] SuspendThread: Access is denied. (0x5)
[0616/180335.743:ERROR:process_reader_win.cc(151)] SuspendThread: Access is denied. (0x5)
[0616/180335.743:ERROR:process_reader_win.cc(151)] SuspendThread: Access is denied. (0x5)
[0616/180335.743:ERROR:exception_snapshot_win.cc(98)] thread ID 15296 not found in process
[0627/113023.486:ERROR:prune_crash_reports.cc(35)] PruneCrashReportDatabase: Failed to get pending reports
[0727/131505.119:ERROR:process_reader_win.cc(188)] ResumeThread: The parameter is incorrect. (0x57)
[0727/131505.145:ERROR:process_reader_win.cc(123)] NtOpenThread: An invalid Client ID was specified. (0xc000000b)
[0727/131505.149:ERROR:process_reader_win.cc(123)] NtOpenThread: An invalid Client ID was specified. (0xc000000b)
[0727/131505.149:ERROR:process_reader_win.cc(123)] NtOpenThread: An invalid Client ID was specified. (0xc000000b)
[0727/131505.149:ERROR:process_reader_win.cc(123)] NtOpenThread: An invalid Client ID was specified. (0xc000000b)
[0727/131505.149:ERROR:process_reader_win.cc(123)] NtOpenThread: An invalid Client ID was specified. (0xc000000b)
[0727/131505.149:ERROR:process_reader_win.cc(123)] NtOpenThread: An invalid Client ID was specified. (0xc000000b)
[0727/131505.149:ERROR:process_reader_win.cc(123)] NtOpenThread: An invalid Client ID was specified. (0xc000000b)
[0727/131505.149:ERROR:process_reader_win.cc(123)] NtOpenThread: An invalid Client ID was specified. (0xc000000b)
[0727/131505.149:ERROR:process_reader_win.cc(151)] SuspendThread: Access is denied. (0x5)
[0727/131505.149:ERROR:process_reader_win.cc(123)] NtOpenThread: An invalid Client ID was specified. (0xc000000b)
[0727/131505.149:ERROR:process_reader_win.cc(123)] NtOpenThread: An invalid Client ID was specified. (0xc000000b)
[0727/131505.149:ERROR:process_reader_win.cc(123)] NtOpenThread: An invalid Client ID was specified. (0xc000000b)
[0727/131505.149:ERROR:exception_snapshot_win.cc(98)] thread ID 2184 not found in process
[0727/131505.149:ERROR:scoped_process_suspend.cc(40)] NtResumeProcess: An attempt was made to access an exiting process. (0xc000010a)
[1011/132249.797:ERROR:directory_reader_win.cc(43)] FindFirstFile: The system cannot find the path specified. (0x3)
[1011/143844.940:ERROR:directory_reader_win.cc(43)] FindFirstFile: The system cannot find the path specified. (0x3)
[1011/171753.670:ERROR:directory_reader_win.cc(43)] FindFirstFile: The system cannot find the path specified. (0x3)
[1011/173214.835:ERROR:directory_reader_win.cc(43)] FindFirstFile: The system cannot find the path specified. (0x3)
[1011/205205.793:ERROR:directory_reader_win.cc(43)] FindFirstFile: The system cannot find the path specified. (0x3)
[1011/212131.691:ERROR:directory_reader_win.cc(43)] FindFirstFile: The system cannot find the path specified. (0x3)
[1011/221651.453:ERROR:directory_reader_win.cc(43)] FindFirstFile: The system cannot find the path specified. (0x3)
[1011/223820.896:ERROR:directory_reader_win.cc(43)] FindFirstFile: The system cannot find the path specified. (0x3)
[1011/225658.278:ERROR:directory_reader_win.cc(43)] FindFirstFile: The system cannot find the path specified. (0x3)
[1012/122929.411:ERROR:directory_reader_win.cc(43)] FindFirstFile: The system cannot find the path specified. (0x3)
[1012/130606.292:ERROR:directory_reader_win.cc(43)] FindFirstFile: The system cannot find the path specified. (0x3)
[1012/151144.082:ERROR:directory_reader_win.cc(43)] FindFirstFile: The system cannot find the path specified. (0x3)
[1012/152905.448:ERROR:directory_reader_win.cc(43)] FindFirstFile: The system cannot find the path specified. (0x3)
[1012/154714.920:ERROR:directory_reader_win.cc(43)] FindFirstFile: The system cannot find the path specified. (0x3)
[1012/155933.408:ERROR:directory_reader_win.cc(43)] FindFirstFile: The system cannot find the path specified. (0x3)
[1012/161138.492:ERROR:directory_reader_win.cc(43)] FindFirstFile: The system cannot find the path specified. (0x3)
[1012/161343.240:ERROR:directory_reader_win.cc(43)] FindFirstFile: The system cannot find the path specified. (0x3)
[1012/163708.200:ERROR:directory_reader_win.cc(43)] FindFirstFile: The system cannot find the path specified. (0x3)
[1113/143854.914:ERROR:directory_reader_win.cc(43)] FindFirstFile: The system cannot find the path specified. (0x3)
[1113/144218.710:ERROR:directory_reader_win.cc(43)] FindFirstFile: The system cannot find the path specified. (0x3)
[1113/145539.065:ERROR:directory_reader_win.cc(43)] FindFirstFile: The system cannot find the path specified. (0x3)
[1113/152455.985:ERROR:directory_reader_win.cc(43)] FindFirstFile: The system cannot find the path specified. (0x3)
[1113/152704.111:ERROR:directory_reader_win.cc(43)] FindFirstFile: The system cannot find the path specified. (0x3)
[1113/160344.596:ERROR:directory_reader_win.cc(43)] FindFirstFile: The system cannot find the path specified. (0x3)
[1113/160523.936:ERROR:directory_reader_win.cc(43)] FindFirstFile: The system cannot find the path specified. (0x3)
[1113/162801.839:ERROR:directory_reader_win.cc(43)] FindFirstFile: The system cannot find the path specified. (0x3)
[1113/163655.418:ERROR:directory_reader_win.cc(43)] FindFirstFile: The system cannot find the path specified. (0x3)
[1113/171130.348:ERROR:directory_reader_win.cc(43)] FindFirstFile: The system cannot find the path specified. (0x3)
[1113/171513.349:ERROR:directory_reader_win.cc(43)] FindFirstFile: The system cannot find the path specified. (0x3)
[1113/174141.054:ERROR:directory_reader_win.cc(43)] FindFirstFile: The system cannot find the path specified. (0x3)
[1113/174347.598:ERROR:directory_reader_win.cc(43)] FindFirstFile: The system cannot find the path specified. (0x3)
[1113/181830.941:ERROR:directory_reader_win.cc(43)] FindFirstFile: The system cannot find the path specified. (0x3)
[1113/184710.454:ERROR:directory_reader_win.cc(43)] FindFirstFile: The system cannot find the path specified. (0x3)
[1113/184710.457:ERROR:prune_crash_reports.cc(36)] PruneCrashReportDatabase: Failed to get pending reports
[1113/192425.271:ERROR:directory_reader_win.cc(43)] FindFirstFile: The system cannot find the path specified. (0x3)
[1113/194001.343:ERROR:directory_reader_win.cc(43)] FindFirstFile: The system cannot find the path specified. (0x3)
[1113/194154.454:ERROR:directory_reader_win.cc(43)] FindFirstFile: The system cannot find the path specified. (0x3)
[1113/201326.953:ERROR:directory_reader_win.cc(43)] FindFirstFile: The system cannot find the path specified. (0x3)
[0112/182939.405:ERROR:directory_reader_win.cc(43)] FindFirstFile: The system cannot find the path specified. (0x3)
[0112/183554.749:ERROR:directory_reader_win.cc(43)] FindFirstFile: The system cannot find the path specified. (0x3)
[0112/185827.063:ERROR:directory_reader_win.cc(43)] FindFirstFile: The system cannot find the path specified. (0x3)
[0113/204520.118:ERROR:directory_reader_win.cc(43)] FindFirstFile: The system cannot find the path specified. (0x3)
[0116/195921.107:ERROR:directory_reader_win.cc(43)] FindFirstFile: The system cannot find the path specified. (0x3)
[0119/133758.382:ERROR:directory_reader_win.cc(43)] FindFirstFile: The system cannot find the path specified. (0x3)
[0119/135330.743:ERROR:directory_reader_win.cc(43)] FindFirstFile: The system cannot find the path specified. (0x3)
[0119/135814.176:ERROR:directory_reader_win.cc(43)] FindFirstFile: The system cannot find the path specified. (0x3)
[0119/135832.964:ERROR:directory_reader_win.cc(43)] FindFirstFile: The system cannot find the path specified. (0x3)
[0119/140708.067:ERROR:directory_reader_win.cc(43)] FindFirstFile: The system cannot find the path specified. (0x3)
[0119/141153.412:ERROR:directory_reader_win.cc(43)] FindFirstFile: The system cannot find the path specified. (0x3)
[0119/141210.096:ERROR:directory_reader_win.cc(43)] FindFirstFile: The system cannot find the path specified. (0x3)
